<?xml version="1.0" encoding="UTF-8"?>
<testsuites name="jest tests" tests="2" failures="1" errors="0" time="2.99">
  <testsuite name="mockingoose" errors="0" failures="1" skipped="0" timestamp="2025-08-26T17:38:11" time="1.295" tests="1">
    <testcase classname="mockingoose Test Both Fields Are Set Validate Model" name="mockingoose Test Both Fields Are Set Validate Model" time="0.007">
      <failure>Error: expect(received).toBe(expected) // Object.is equality

Expected: undefined
Received: [ValidationError: Note validation failed: description: Path `description` is required.]
    at Object.&lt;anonymous&gt; (C:\Users\Adria\RMIT\assignment-1-s3743610\src\tests\unit\model.note.test.js:20:28)
    at processTicksAndRejections (node:internal/process/task_queues:105:5)</failure>
    </testcase>
  </testsuite>
  <testsuite name="Add Note" errors="0" failures="0" skipped="0" timestamp="2025-08-26T17:38:11" time="1.605" tests="1">
    <testcase classname="Add Note Should add a new note and redirect to login" name="Add Note Should add a new note and redirect to login" time="0.068">
    </testcase>
  </testsuite>
</testsuites>